TN:
SF:utils.js
FN:2,mmrToLeague
FNF:1
FNH:1
FNDA:26,mmrToLeague
DA:3,26
DA:4,15
DA:5,13
DA:6,11
DA:7,9
DA:8,7
DA:9,5
DA:10,3
DA:13,7
LF:9
LH:9
BRDA:3,0,0,11
BRDA:3,0,1,15
BRDA:3,1,0,26
BRDA:3,1,1,17
BRDA:4,2,0,2
BRDA:4,2,1,13
BRDA:5,3,0,2
BRDA:5,3,1,11
BRDA:6,4,0,2
BRDA:6,4,1,9
BRDA:7,5,0,2
BRDA:7,5,1,7
BRDA:8,6,0,2
BRDA:8,6,1,5
BRDA:9,7,0,2
BRDA:9,7,1,3
BRF:16
BRH:16
end_of_record
TN:
SF:routes/backups.js
FN:111,parseSnapshotName
FN:136,timestampLabel
FN:152,statOrNull
FN:170,atomicCopyFile
FN:191,describeSnapshot
FN:210,isPlainObject
FN:221,validateBackupName
FN:241,isAllowedBase
FN:255,handleList
FN:256,(anonymous_9)
FN:265,(anonymous_10)
FN:266,(anonymous_11)
FN:267,(anonymous_12)
FN:285,handleCreate
FN:286,(anonymous_14)
FN:332,handleRestore
FN:333,(anonymous_16)
FN:357,runRestore
FN:393,handleDelete
FN:394,(anonymous_19)
FN:440,createBackupsRouter
FN:445,(anonymous_21)
FNF:22
FNH:21
FNDA:48,parseSnapshotName
FNDA:12,timestampLabel
FNDA:41,statOrNull
FNDA:15,atomicCopyFile
FNDA:25,describeSnapshot
FNDA:17,isPlainObject
FNDA:20,validateBackupName
FNDA:16,isAllowedBase
FNDA:29,handleList
FNDA:6,(anonymous_9)
FNDA:15,(anonymous_10)
FNDA:15,(anonymous_11)
FNDA:5,(anonymous_12)
FNDA:29,handleCreate
FNDA:8,(anonymous_14)
FNDA:29,handleRestore
FNDA:9,(anonymous_16)
FNDA:5,runRestore
FNDA:29,handleDelete
FNDA:5,(anonymous_19)
FNDA:31,createBackupsRouter
FNDA:0,(anonymous_21)
DA:37,7
DA:38,7
DA:39,7
DA:50,7
DA:73,7
DA:80,7
DA:82,7
DA:83,7
DA:84,7
DA:85,7
DA:86,7
DA:88,7
DA:112,48
DA:113,45
DA:114,103
DA:115,103
DA:116,103
DA:117,38
DA:118,38
DA:119,38
DA:120,38
DA:121,34
DA:123,11
DA:137,12
DA:138,12
DA:139,12
DA:153,41
DA:154,41
DA:155,37
DA:156,37
DA:158,4
DA:171,15
DA:172,15
DA:173,15
DA:174,15
DA:175,15
DA:177,15
DA:179,15
DA:192,25
DA:193,25
DA:194,20
DA:195,20
DA:196,20
DA:211,17
DA:222,20
DA:223,2
DA:225,18
DA:226,5
DA:228,13
DA:229,13
DA:230,3
DA:232,10
DA:242,16
DA:256,29
DA:258,6
DA:259,6
DA:261,0
DA:262,0
DA:264,6
DA:265,15
DA:266,15
DA:267,5
DA:268,6
DA:269,6
DA:286,29
DA:287,8
DA:288,8
DA:289,0
DA:291,8
DA:293,8
DA:294,1
DA:296,7
DA:297,7
DA:298,1
DA:300,6
DA:301,6
DA:302,6
DA:303,6
DA:304,6
DA:306,0
DA:309,0
DA:311,6
DA:312,6
DA:313,6
DA:333,29
DA:334,9
DA:335,9
DA:336,0
DA:338,9
DA:339,9
DA:340,3
DA:342,6
DA:343,6
DA:344,6
DA:345,1
DA:347,5
DA:348,5
DA:349,5
DA:358,5
DA:359,5
DA:360,5
DA:361,5
DA:362,4
DA:363,4
DA:365,5
DA:367,0
DA:370,0
DA:372,5
DA:375,5
DA:394,29
DA:395,5
DA:396,5
DA:397,2
DA:400,2
DA:402,3
DA:403,3
DA:404,1
DA:406,2
DA:407,2
DA:409,0
DA:412,0
DA:414,2
DA:417,2
DA:441,31
DA:442,2
DA:444,29
DA:445,29
DA:446,29
DA:447,29
DA:448,29
DA:449,29
DA:450,29
DA:451,29
DA:454,7
LF:134
LH:124
BRDA:112,0,0,3
BRDA:112,0,1,45
BRDA:112,1,0,48
BRDA:112,1,1,46
BRDA:116,2,0,65
BRDA:116,2,1,38
BRDA:119,3,0,0
BRDA:119,3,1,38
BRDA:120,4,0,4
BRDA:120,4,1,34
BRDA:137,5,0,12
BRDA:137,5,1,0
BRDA:155,6,0,0
BRDA:155,6,1,37
BRDA:193,7,0,5
BRDA:193,7,1,20
BRDA:195,8,0,0
BRDA:195,8,1,20
BRDA:211,9,0,17
BRDA:211,9,1,17
BRDA:211,9,2,17
BRDA:222,10,0,2
BRDA:222,10,1,18
BRDA:222,11,0,20
BRDA:222,11,1,19
BRDA:225,12,0,5
BRDA:225,12,1,13
BRDA:229,13,0,3
BRDA:229,13,1,10
BRDA:242,14,0,16
BRDA:242,14,1,16
BRDA:261,15,0,0
BRDA:261,15,1,0
BRDA:287,16,0,8
BRDA:287,16,1,0
BRDA:288,17,0,0
BRDA:288,17,1,8
BRDA:291,18,0,4
BRDA:291,18,1,4
BRDA:291,19,0,8
BRDA:291,19,1,4
BRDA:293,20,0,1
BRDA:293,20,1,7
BRDA:297,21,0,1
BRDA:297,21,1,6
BRDA:307,22,0,0
BRDA:307,22,1,0
BRDA:334,23,0,9
BRDA:334,23,1,0
BRDA:335,24,0,0
BRDA:335,24,1,9
BRDA:339,25,0,3
BRDA:339,25,1,6
BRDA:344,26,0,1
BRDA:344,26,1,5
BRDA:361,27,0,4
BRDA:361,27,1,1
BRDA:368,28,0,0
BRDA:368,28,1,0
BRDA:373,29,0,4
BRDA:373,29,1,1
BRDA:396,30,0,2
BRDA:396,30,1,3
BRDA:397,31,0,1
BRDA:397,31,1,1
BRDA:403,32,0,1
BRDA:403,32,1,2
BRDA:410,33,0,0
BRDA:410,33,1,0
BRDA:441,34,0,2
BRDA:441,34,1,29
BRDA:441,35,0,31
BRDA:441,35,1,30
BRDA:441,35,2,29
BRDA:445,36,0,23
BRDA:445,36,1,6
BRF:76
BRH:60
end_of_record
TN:
SF:routes/custom-builds.js
FN:68,compileBuildValidator
FN:83,wrap
FN:84,wrapped
FN:86,(anonymous_3)
FN:87,(anonymous_4)
FN:105,badRequest
FN:118,validateOrFail
FN:130,prepareDraftForCreate
FN:132,(anonymous_8)
FN:155,collectEventsForDraft
FN:157,(anonymous_10)
FN:176,buildDraftFromEvents
FN:200,emitProgress
FN:214,reclassifyAllGames
FN:242,handleList
FN:243,(anonymous_15)
FN:263,handleGet
FN:264,(anonymous_17)
FN:266,(anonymous_18)
FN:281,handleCreate
FN:282,(anonymous_20)
FN:303,handleReplace
FN:304,(anonymous_22)
FN:335,handlePatch
FN:336,(anonymous_24)
FN:359,handleDelete
FN:360,(anonymous_26)
FN:381,handleFromGame
FN:382,(anonymous_28)
FN:402,handlePreviewMatches
FN:403,(anonymous_30)
FN:426,handleReclassify
FN:427,(anonymous_32)
FN:448,handleSyncNow
FN:449,(anonymous_34)
FN:465,handleSyncStatus
FN:466,(anonymous_36)
FN:478,handleVote
FN:479,(anonymous_38)
FN:503,createCustomBuildsRouter
FN:512,(anonymous_40)
FNF:41
FNH:33
FNDA:26,compileBuildValidator
FNDA:312,wrap
FNDA:30,wrapped
FNDA:30,(anonymous_3)
FNDA:0,(anonymous_4)
FNDA:20,badRequest
FNDA:17,validateOrFail
FNDA:17,prepareDraftForCreate
FNDA:0,(anonymous_8)
FNDA:2,collectEventsForDraft
FNDA:5,(anonymous_10)
FNDA:1,buildDraftFromEvents
FNDA:0,emitProgress
FNDA:0,reclassifyAllGames
FNDA:26,handleList
FNDA:2,(anonymous_15)
FNDA:26,handleGet
FNDA:1,(anonymous_17)
FNDA:0,(anonymous_18)
FNDA:26,handleCreate
FNDA:17,(anonymous_20)
FNDA:26,handleReplace
FNDA:1,(anonymous_22)
FNDA:26,handlePatch
FNDA:1,(anonymous_24)
FNDA:26,handleDelete
FNDA:1,(anonymous_26)
FNDA:26,handleFromGame
FNDA:2,(anonymous_28)
FNDA:26,handlePreviewMatches
FNDA:2,(anonymous_30)
FNDA:26,handleReclassify
FNDA:0,(anonymous_32)
FNDA:26,handleSyncNow
FNDA:0,(anonymous_34)
FNDA:26,handleSyncStatus
FNDA:1,(anonymous_36)
FNDA:26,handleVote
FNDA:2,(anonymous_38)
FNDA:26,createCustomBuildsRouter
FNDA:0,(anonymous_40)
DA:39,7
DA:40,7
DA:41,7
DA:42,7
DA:43,7
DA:45,7
DA:47,7
DA:48,7
DA:49,7
DA:50,7
DA:51,7
DA:52,7
DA:53,7
DA:55,7
DA:56,7
DA:57,7
DA:58,7
DA:59,7
DA:69,26
DA:70,26
DA:71,26
DA:72,26
DA:73,26
DA:74,26
DA:84,312
DA:85,30
DA:86,30
DA:89,0
DA:90,0
DA:91,0
DA:106,20
DA:107,20
DA:119,17
DA:120,17
DA:131,17
DA:132,17
DA:133,17
DA:136,17
DA:137,17
DA:156,2
DA:157,5
DA:159,1
DA:160,0
DA:161,0
DA:162,0
DA:163,0
DA:164,0
DA:166,1
DA:177,1
DA:201,0
DA:202,0
DA:203,0
DA:215,0
DA:216,0
DA:217,0
DA:218,0
DA:219,0
DA:220,0
DA:221,0
DA:222,0
DA:223,0
DA:224,0
DA:225,0
DA:226,0
DA:227,0
DA:229,0
DA:232,0
DA:233,0
DA:243,26
DA:244,2
DA:245,2
DA:264,26
DA:265,1
DA:266,1
DA:267,1
DA:268,1
DA:269,1
DA:271,0
DA:282,26
DA:283,17
DA:284,17
DA:285,0
DA:286,0
DA:287,0
DA:288,0
DA:290,0
DA:291,0
DA:292,0
DA:293,0
DA:304,26
DA:305,1
DA:306,1
DA:307,1
DA:308,1
DA:309,1
DA:310,1
DA:312,0
DA:321,0
DA:322,0
DA:323,0
DA:324,0
DA:325,0
DA:336,26
DA:337,1
DA:338,1
DA:339,1
DA:340,1
DA:341,1
DA:342,1
DA:344,0
DA:345,0
DA:346,0
DA:347,0
DA:348,0
DA:349,0
DA:360,26
DA:361,1
DA:362,1
DA:363,1
DA:364,1
DA:365,1
DA:366,1
DA:368,0
DA:369,0
DA:370,0
DA:371,0
DA:382,26
DA:383,2
DA:384,2
DA:385,2
DA:386,1
DA:387,1
DA:389,1
DA:392,1
DA:403,26
DA:404,2
DA:405,2
DA:406,2
DA:407,2
DA:409,0
DA:410,0
DA:411,0
DA:427,26
DA:428,0
DA:429,0
DA:430,0
DA:431,0
DA:432,0
DA:434,0
DA:435,0
DA:436,0
DA:437,0
DA:438,0
DA:449,26
DA:450,0
DA:451,0
DA:452,0
DA:454,0
DA:455,0
DA:466,26
DA:467,1
DA:468,1
DA:479,26
DA:480,2
DA:481,2
DA:482,2
DA:483,0
DA:484,0
DA:486,2
DA:487,2
DA:504,26
DA:505,26
DA:506,26
DA:512,0
DA:514,26
DA:515,26
DA:516,26
DA:517,26
DA:518,26
DA:519,26
DA:520,26
DA:521,26
DA:522,26
DA:523,26
DA:524,26
DA:525,26
DA:526,26
DA:527,26
DA:530,7
LF:189
LH:116
BRDA:89,0,0,0
BRDA:89,0,1,0
BRDA:89,1,0,0
BRDA:89,1,1,0
BRDA:90,2,0,0
BRDA:90,2,1,0
BRDA:106,3,0,20
BRDA:106,3,1,3
BRDA:119,4,0,0
BRDA:119,4,1,17
BRDA:120,5,0,17
BRDA:120,5,1,0
BRDA:133,6,0,2
BRDA:133,6,1,15
BRDA:133,7,0,17
BRDA:133,7,1,2
BRDA:135,8,0,15
BRDA:135,8,1,0
BRDA:140,9,0,17
BRDA:140,9,1,17
BRDA:142,10,0,17
BRDA:142,10,1,17
BRDA:156,11,0,1
BRDA:156,11,1,1
BRDA:157,12,0,5
BRDA:157,12,1,5
BRDA:157,12,2,5
BRDA:159,13,0,0
BRDA:159,13,1,1
BRDA:159,14,0,1
BRDA:159,14,1,0
BRDA:161,15,0,0
BRDA:161,15,1,0
BRDA:162,16,0,0
BRDA:162,16,1,0
BRDA:163,17,0,0
BRDA:163,17,1,0
BRDA:163,18,0,0
BRDA:163,18,1,0
BRDA:179,19,0,1
BRDA:179,19,1,0
BRDA:180,20,0,1
BRDA:180,20,1,1
BRDA:181,21,0,1
BRDA:181,21,1,1
BRDA:183,22,0,1
BRDA:183,22,1,1
BRDA:188,23,0,1
BRDA:188,23,1,1
BRDA:188,23,2,1
BRDA:201,24,0,0
BRDA:201,24,1,0
BRDA:202,25,0,0
BRDA:202,25,1,0
BRDA:202,26,0,0
BRDA:202,26,1,0
BRDA:220,27,0,0
BRDA:220,27,1,0
BRDA:220,27,2,0
BRDA:225,28,0,0
BRDA:225,28,1,0
BRDA:225,29,0,0
BRDA:225,29,1,0
BRDA:225,29,2,0
BRDA:229,30,0,0
BRDA:229,30,1,0
BRDA:267,31,0,1
BRDA:267,31,1,0
BRDA:283,32,0,17
BRDA:283,32,1,0
BRDA:284,33,0,17
BRDA:284,33,1,0
BRDA:286,34,0,0
BRDA:286,34,1,0
BRDA:292,35,0,0
BRDA:292,35,1,0
BRDA:308,36,0,1
BRDA:308,36,1,0
BRDA:313,37,0,0
BRDA:313,37,1,0
BRDA:321,38,0,0
BRDA:321,38,1,0
BRDA:324,39,0,0
BRDA:324,39,1,0
BRDA:340,40,0,1
BRDA:340,40,1,0
BRDA:344,41,0,0
BRDA:344,41,1,0
BRDA:345,42,0,0
BRDA:345,42,1,0
BRDA:348,43,0,0
BRDA:348,43,1,0
BRDA:364,44,0,1
BRDA:364,44,1,0
BRDA:370,45,0,0
BRDA:370,45,1,0
BRDA:383,46,0,2
BRDA:383,46,1,0
BRDA:385,47,0,1
BRDA:385,47,1,1
BRDA:404,48,0,2
BRDA:404,48,1,0
BRDA:405,49,0,2
BRDA:405,49,1,0
BRDA:405,50,0,2
BRDA:405,50,1,0
BRDA:409,51,0,0
BRDA:409,51,1,0
BRDA:430,52,0,0
BRDA:430,52,1,0
BRDA:450,53,0,0
BRDA:450,53,1,0
BRDA:467,54,0,1
BRDA:467,54,1,0
BRDA:481,55,0,1
BRDA:481,55,1,1
BRDA:481,56,0,2
BRDA:481,56,1,2
BRDA:482,57,0,0
BRDA:482,57,1,2
BRDA:505,58,0,0
BRDA:505,58,1,26
BRDA:511,59,0,26
BRDA:511,59,1,0
BRDA:512,60,0,26
BRDA:512,60,1,0
BRF:126
BRH:51
end_of_record
TN:
SF:routes/custom_builds_helpers.js
FN:35,atomicWriteJson
FN:53,readJsonOrNull
FN:70,readCustomFile
FN:92,readMergedList
FN:119,getAuthorDisplay
FN:136,slugify
FN:151,uniqueIdFor
FN:168,normalizeBuild
FN:195,applyPatch
FN:218,findById
FN:238,parseLogLine
FN:285,extractGameEvents
FN:313,scoreSignature
FN:341,gameMatchesMatchup
FN:359,previewMatchesV3
FN:415,bestMatchV3
FN:437,countGames
FN:453,moveGame
FN:498,pickRulesFromEvents
FN:603,pickTier
FN:633,clampRuleTime
FN:640,formatTime
FN:655,evaluateRule
FN:666,(anonymous_23)
FN:672,(anonymous_24)
FN:679,(anonymous_25)
FN:686,(anonymous_26)
FN:693,(anonymous_27)
FN:700,(anonymous_28)
FN:718,evaluateRules
FN:741,migrateBuildV2ToV3
FNF:31
FNH:11
FNDA:0,atomicWriteJson
FNDA:43,readJsonOrNull
FNDA:23,readCustomFile
FNDA:3,readMergedList
FNDA:17,getAuthorDisplay
FNDA:17,slugify
FNDA:17,uniqueIdFor
FNDA:17,normalizeBuild
FNDA:0,applyPatch
FNDA:3,findById
FNDA:3,parseLogLine
FNDA:0,extractGameEvents
FNDA:1,scoreSignature
FNDA:0,gameMatchesMatchup
FNDA:0,previewMatchesV3
FNDA:0,bestMatchV3
FNDA:0,countGames
FNDA:0,moveGame
FNDA:1,pickRulesFromEvents
FNDA:0,pickTier
FNDA:0,clampRuleTime
FNDA:0,formatTime
FNDA:0,evaluateRule
FNDA:0,(anonymous_23)
FNDA:0,(anonymous_24)
FNDA:0,(anonymous_25)
FNDA:0,(anonymous_26)
FNDA:0,(anonymous_27)
FNDA:0,(anonymous_28)
FNDA:0,evaluateRules
FNDA:0,migrateBuildV2ToV3
DA:17,7
DA:18,7
DA:19,7
DA:21,7
DA:22,7
DA:23,7
DA:24,7
DA:36,0
DA:37,0
DA:38,0
DA:39,0
DA:40,0
DA:42,0
DA:44,0
DA:54,43
DA:55,18
DA:56,18
DA:57,18
DA:58,18
DA:71,23
DA:72,23
DA:73,23
DA:75,0
DA:76,0
DA:78,0
DA:79,0
DA:81,0
DA:93,3
DA:94,3
DA:95,3
DA:96,3
DA:97,3
DA:98,0
DA:99,0
DA:100,0
DA:102,3
DA:103,2
DA:104,2
DA:106,3
DA:120,17
DA:121,17
DA:122,17
DA:123,17
DA:124,17
DA:126,0
DA:137,17
DA:152,17
DA:153,17
DA:154,1
DA:155,1
DA:156,1
DA:158,0
DA:169,17
DA:196,0
DA:200,0
DA:201,0
DA:202,0
DA:203,0
DA:206,0
DA:207,0
DA:208,0
DA:219,3
DA:220,0
DA:222,3
DA:239,3
DA:240,3
DA:241,3
DA:242,2
DA:243,2
DA:245,2
DA:246,2
DA:248,1
DA:250,1
DA:252,1
DA:254,0
DA:271,7
DA:286,0
DA:287,0
DA:288,0
DA:289,0
DA:290,0
DA:291,0
DA:292,0
DA:293,0
DA:294,0
DA:296,0
DA:314,1
DA:342,0
DA:343,0
DA:344,0
DA:345,0
DA:346,0
DA:347,0
DA:348,0
DA:350,0
DA:352,0
DA:353,0
DA:354,0
DA:356,0
DA:360,0
DA:361,0
DA:362,0
DA:363,0
DA:364,0
DA:365,0
DA:366,0
DA:367,0
DA:368,0
DA:369,0
DA:370,0
DA:371,0
DA:372,0
DA:376,0
DA:377,0
DA:378,0
DA:379,0
DA:381,0
DA:382,0
DA:383,0
DA:384,0
DA:393,0
DA:395,0
DA:416,0
DA:417,0
DA:418,0
DA:422,0
DA:423,0
DA:424,0
DA:425,0
DA:428,0
DA:438,0
DA:439,0
DA:440,0
DA:442,0
DA:454,0
DA:455,0
DA:456,0
DA:457,0
DA:499,1
DA:502,7
DA:503,7
DA:513,7
DA:528,7
DA:581,7
DA:604,0
DA:605,0
DA:606,0
DA:622,7
DA:623,7
DA:627,7
DA:628,7
DA:629,7
DA:630,7
DA:631,7
DA:634,0
DA:635,0
DA:636,0
DA:637,0
DA:641,0
DA:642,0
DA:643,0
DA:644,0
DA:656,0
DA:657,0
DA:659,0
DA:660,0
DA:661,0
DA:662,0
DA:664,0
DA:665,0
DA:666,0
DA:667,0
DA:672,0
DA:673,0
DA:679,0
DA:680,0
DA:686,0
DA:687,0
DA:693,0
DA:694,0
DA:700,0
DA:701,0
DA:707,0
DA:719,0
DA:720,0
DA:721,0
DA:722,0
DA:723,0
DA:724,0
DA:725,0
DA:726,0
DA:728,0
DA:742,0
DA:743,0
DA:744,0
DA:745,0
DA:746,0
DA:747,0
DA:748,0
DA:753,0
DA:755,0
DA:756,0
DA:758,0
DA:775,0
DA:776,0
DA:777,0
DA:778,0
DA:781,7
LF:208
LH:64
BRDA:54,0,0,25
BRDA:54,0,1,18
BRDA:56,1,0,0
BRDA:56,1,1,18
BRDA:57,2,0,0
BRDA:57,2,1,18
BRDA:72,3,0,23
BRDA:72,3,1,0
BRDA:72,4,0,23
BRDA:72,4,1,0
BRDA:75,5,0,0
BRDA:75,5,1,0
BRDA:76,6,0,0
BRDA:76,6,1,0
BRDA:94,7,0,3
BRDA:94,7,1,2
BRDA:98,8,0,0
BRDA:98,8,1,0
BRDA:102,9,0,3
BRDA:102,9,1,0
BRDA:103,10,0,0
BRDA:103,10,1,2
BRDA:109,11,0,3
BRDA:109,11,1,0
BRDA:122,12,0,0
BRDA:122,12,1,17
BRDA:123,13,0,17
BRDA:123,13,1,0
BRDA:123,13,2,0
BRDA:124,14,0,17
BRDA:124,14,1,0
BRDA:124,15,0,17
BRDA:124,15,1,17
BRDA:137,16,0,17
BRDA:137,16,1,0
BRDA:152,17,0,17
BRDA:152,17,1,0
BRDA:153,18,0,16
BRDA:153,18,1,1
BRDA:156,19,0,1
BRDA:156,19,1,0
BRDA:174,20,0,0
BRDA:174,20,1,17
BRDA:175,21,0,17
BRDA:175,21,1,17
BRDA:176,22,0,17
BRDA:176,22,1,17
BRDA:177,23,0,17
BRDA:177,23,1,17
BRDA:178,24,0,17
BRDA:178,24,1,17
BRDA:179,25,0,0
BRDA:179,25,1,17
BRDA:180,26,0,17
BRDA:180,26,1,17
BRDA:202,27,0,0
BRDA:202,27,1,0
BRDA:220,28,0,0
BRDA:220,28,1,0
BRDA:239,29,0,0
BRDA:239,29,1,3
BRDA:241,30,0,1
BRDA:241,30,1,2
BRDA:246,31,0,1
BRDA:246,31,1,1
BRDA:248,32,0,1
BRDA:248,32,1,0
BRDA:250,33,0,0
BRDA:250,33,1,1
BRDA:286,34,0,0
BRDA:286,34,1,0
BRDA:287,35,0,0
BRDA:287,35,1,0
BRDA:289,36,0,0
BRDA:289,36,1,0
BRDA:292,37,0,0
BRDA:292,37,1,0
BRDA:293,38,0,0
BRDA:293,38,1,0
BRDA:342,39,0,0
BRDA:342,39,1,0
BRDA:343,40,0,0
BRDA:343,40,1,0
BRDA:343,41,0,0
BRDA:343,41,1,0
BRDA:344,42,0,0
BRDA:344,42,1,0
BRDA:345,43,0,0
BRDA:345,43,1,0
BRDA:346,44,0,0
BRDA:346,44,1,0
BRDA:347,45,0,0
BRDA:347,45,1,0
BRDA:347,46,0,0
BRDA:347,46,1,0
BRDA:350,47,0,0
BRDA:350,47,1,0
BRDA:350,48,0,0
BRDA:350,48,1,0
BRDA:352,49,0,0
BRDA:352,49,1,0
BRDA:354,50,0,0
BRDA:354,50,1,0
BRDA:354,51,0,0
BRDA:354,51,1,0
BRDA:363,52,0,0
BRDA:363,52,1,0
BRDA:363,53,0,0
BRDA:363,53,1,0
BRDA:364,54,0,0
BRDA:364,54,1,0
BRDA:366,55,0,0
BRDA:366,55,1,0
BRDA:366,55,2,0
BRDA:369,56,0,0
BRDA:369,56,1,0
BRDA:369,57,0,0
BRDA:369,57,1,0
BRDA:370,58,0,0
BRDA:370,58,1,0
BRDA:376,59,0,0
BRDA:376,59,1,0
BRDA:376,59,2,0
BRDA:377,60,0,0
BRDA:377,60,1,0
BRDA:378,61,0,0
BRDA:378,61,1,0
BRDA:381,62,0,0
BRDA:381,62,1,0
BRDA:382,63,0,0
BRDA:382,63,1,0
BRDA:388,64,0,0
BRDA:388,64,1,0
BRDA:393,65,0,0
BRDA:393,65,1,0
BRDA:393,66,0,0
BRDA:393,66,1,0
BRDA:399,67,0,0
BRDA:399,67,1,0
BRDA:418,68,0,0
BRDA:418,68,1,0
BRDA:418,69,0,0
BRDA:418,69,1,0
BRDA:422,70,0,0
BRDA:422,70,1,0
BRDA:422,71,0,0
BRDA:422,71,1,0
BRDA:424,72,0,0
BRDA:424,72,1,0
BRDA:425,73,0,0
BRDA:425,73,1,0
BRDA:425,74,0,0
BRDA:425,74,1,0
BRDA:425,75,0,0
BRDA:425,75,1,0
BRDA:425,76,0,0
BRDA:425,76,1,0
BRDA:440,77,0,0
BRDA:440,77,1,0
BRDA:440,77,2,0
BRDA:440,77,3,0
BRDA:455,78,0,0
BRDA:455,78,1,0
BRDA:456,79,0,0
BRDA:456,79,1,0
BRDA:604,80,0,0
BRDA:604,80,1,0
BRDA:605,81,0,0
BRDA:605,81,1,0
BRDA:634,82,0,0
BRDA:634,82,1,0
BRDA:635,83,0,0
BRDA:635,83,1,0
BRDA:636,84,0,0
BRDA:636,84,1,0
BRDA:641,85,0,0
BRDA:641,85,1,0
BRDA:644,86,0,0
BRDA:644,86,1,0
BRDA:656,87,0,0
BRDA:656,87,1,0
BRDA:656,88,0,0
BRDA:656,88,1,0
BRDA:656,88,2,0
BRDA:659,89,0,0
BRDA:659,89,1,0
BRDA:662,90,0,0
BRDA:662,90,1,0
BRDA:662,90,2,0
BRDA:662,90,3,0
BRDA:662,90,4,0
BRDA:662,90,5,0
BRDA:664,91,0,0
BRDA:664,91,1,0
BRDA:664,92,0,0
BRDA:664,92,1,0
BRDA:665,93,0,0
BRDA:665,93,1,0
BRDA:666,94,0,0
BRDA:666,94,1,0
BRDA:667,95,0,0
BRDA:667,95,1,0
BRDA:672,96,0,0
BRDA:672,96,1,0
BRDA:673,97,0,0
BRDA:673,97,1,0
BRDA:679,98,0,0
BRDA:679,98,1,0
BRDA:680,99,0,0
BRDA:680,99,1,0
BRDA:686,100,0,0
BRDA:686,100,1,0
BRDA:687,101,0,0
BRDA:687,101,1,0
BRDA:693,102,0,0
BRDA:693,102,1,0
BRDA:694,103,0,0
BRDA:694,103,1,0
BRDA:700,104,0,0
BRDA:700,104,1,0
BRDA:701,105,0,0
BRDA:701,105,1,0
BRDA:725,106,0,0
BRDA:725,106,1,0
BRDA:725,107,0,0
BRDA:725,107,1,0
BRDA:726,108,0,0
BRDA:726,108,1,0
BRDA:742,109,0,0
BRDA:742,109,1,0
BRDA:742,110,0,0
BRDA:742,110,1,0
BRDA:743,111,0,0
BRDA:743,111,1,0
BRDA:744,112,0,0
BRDA:744,112,1,0
BRDA:747,113,0,0
BRDA:747,113,1,0
BRDA:747,114,0,0
BRDA:747,114,1,0
BRDA:747,114,2,0
BRDA:753,115,0,0
BRDA:753,115,1,0
BRDA:755,116,0,0
BRDA:755,116,1,0
BRDA:759,117,0,0
BRDA:759,117,1,0
BRDA:760,118,0,0
BRDA:760,118,1,0
BRDA:761,119,0,0
BRDA:761,119,1,0
BRDA:762,120,0,0
BRDA:762,120,1,0
BRDA:764,121,0,0
BRDA:764,121,1,0
BRDA:765,122,0,0
BRDA:765,122,1,0
BRDA:766,123,0,0
BRDA:766,123,1,0
BRDA:767,124,0,0
BRDA:767,124,1,0
BRDA:769,125,0,0
BRDA:769,125,1,0
BRDA:770,126,0,0
BRDA:770,126,1,0
BRDA:772,127,0,0
BRDA:772,127,1,0
BRDA:775,128,0,0
BRDA:775,128,1,0
BRDA:776,129,0,0
BRDA:776,129,1,0
BRDA:777,130,0,0
BRDA:777,130,1,0
BRF:273
BRH:40
end_of_record
TN:
SF:routes/diagnostics.js
FN:99,createDiagnosticsRouter
FN:107,(anonymous_1)
FN:109,(anonymous_2)
FN:119,buildConfig
FN:155,handleGetDiagnostics
FN:184,handleGetBundle
FN:209,runAllChecks
FN:211,(anonymous_7)
FN:211,(anonymous_8)
FN:222,safeRun
FN:239,buildCheckDeps
FNF:11
FNH:11
FNDA:12,createDiagnosticsRouter
FNDA:7,(anonymous_1)
FNDA:1,(anonymous_2)
FNDA:12,buildConfig
FNDA:7,handleGetDiagnostics
FNDA:1,handleGetBundle
FNDA:8,runAllChecks
FNDA:104,(anonymous_7)
FNDA:104,(anonymous_8)
FNDA:106,safeRun
FNDA:8,buildCheckDeps
DA:38,7
DA:39,7
DA:43,7
DA:44,7
DA:45,7
DA:51,7
DA:52,7
DA:54,7
DA:55,7
DA:56,7
DA:58,7
DA:100,12
DA:101,1
DA:103,11
DA:104,10
DA:105,10
DA:106,10
DA:107,7
DA:108,10
DA:109,1
DA:110,10
DA:120,12
DA:121,12
DA:125,12
DA:126,1
DA:129,11
DA:156,7
DA:157,7
DA:158,7
DA:159,1
DA:160,1
DA:162,6
DA:163,6
DA:164,6
DA:165,6
DA:167,6
DA:168,6
DA:169,6
DA:171,0
DA:185,1
DA:186,1
DA:187,1
DA:188,1
DA:190,0
DA:191,0
DA:210,8
DA:211,104
DA:223,106
DA:225,1
DA:240,8
DA:241,8
DA:242,8
DA:244,8
DA:246,8
DA:249,7
LF:55
LH:52
BRDA:100,0,0,1
BRDA:100,0,1,11
BRDA:100,1,0,12
BRDA:100,1,1,12
BRDA:120,2,0,0
BRDA:120,2,1,12
BRDA:121,3,0,12
BRDA:121,3,1,6
BRDA:122,4,0,5
BRDA:122,4,1,1
BRDA:125,5,0,1
BRDA:125,5,1,11
BRDA:131,6,0,11
BRDA:131,6,1,6
BRDA:133,7,0,11
BRDA:133,7,1,5
BRDA:135,8,0,11
BRDA:135,8,1,11
BRDA:136,9,0,11
BRDA:136,9,1,5
BRDA:137,10,0,6
BRDA:137,10,1,5
BRDA:156,11,0,7
BRDA:156,11,1,6
BRDA:158,12,0,1
BRDA:158,12,1,6
BRDA:158,13,0,7
BRDA:158,13,1,6
BRDA:158,13,2,2
BRDA:172,14,0,0
BRDA:172,14,1,0
BRDA:172,14,2,0
BRDA:190,15,0,0
BRDA:190,15,1,0
BRDA:192,16,0,0
BRDA:192,16,1,0
BRDA:192,16,2,0
BRDA:227,17,0,1
BRDA:227,17,1,1
BRDA:227,17,2,0
BRF:40
BRH:30
end_of_record
TN:
SF:routes/diagnostics_bundle.js
FN:49,streamBundle
FN:63,(anonymous_1)
FN:76,appendBundleEntries
FN:98,buildDiagnosticsManifest
FN:99,(anonymous_4)
FN:121,readBundleJson
FN:138,appendLogTail
FNF:7
FNH:6
FNDA:1,streamBundle
FNDA:0,(anonymous_1)
FNDA:1,appendBundleEntries
FNDA:1,buildDiagnosticsManifest
FNDA:3,(anonymous_4)
FNDA:2,readBundleJson
FNDA:2,appendLogTail
DA:22,7
DA:23,7
DA:24,7
DA:29,7
DA:31,7
DA:32,7
DA:33,7
DA:34,7
DA:36,7
DA:37,7
DA:38,7
DA:51,1
DA:53,0
DA:57,0
DA:59,1
DA:60,1
DA:62,1
DA:63,1
DA:64,1
DA:65,1
DA:66,1
DA:77,1
DA:78,1
DA:79,1
DA:81,1
DA:83,1
DA:85,1
DA:87,1
DA:99,1
DA:100,3
DA:101,3
DA:103,1
DA:122,2
DA:123,2
DA:124,2
DA:126,0
DA:139,2
DA:140,2
DA:142,2
DA:144,0
DA:145,0
DA:146,0
DA:150,7
LF:43
LH:37
BRDA:100,0,0,0
BRDA:100,0,1,3
BRDA:124,1,0,2
BRDA:124,1,1,0
BRDA:124,2,0,2
BRDA:124,2,1,2
BRDA:139,3,0,2
BRDA:139,3,1,0
BRF:8
BRH:5
end_of_record
TN:
SF:routes/diagnostics_checks.js
FN:81,checkPython
FN:104,interpretPythonVersion
FN:146,checkSc2Reader
FN:181,checkReplayFolders
FN:192,(anonymous_4)
FN:193,(anonymous_5)
FN:197,(anonymous_6)
FN:212,inspectReplayFolder
FN:238,scanForReplays
FN:263,checkMetaDatabase
FN:282,(anonymous_10)
FN:302,checkProfileConfig
FN:314,(anonymous_12)
FN:333,validateOne
FN:372,checkBattleNetPulse
FN:404,pickPulseInternalId
FN:409,(anonymous_16)
FN:437,checkTwitch
FN:473,interpretTwitch
FN:513,checkObs
FN:549,checkDiskSpace
FN:587,checkRecentErrors
FN:594,(anonymous_22)
FN:618,checkMacroEngineVersion
FN:654,buildMacroProbeCode
FN:669,checkCommunityBuildsApi
FN:678,checkCloudOptInQueue
FNF:27
FNH:17
FNDA:8,checkPython
FNDA:0,interpretPythonVersion
FNDA:8,checkSc2Reader
FNDA:8,checkReplayFolders
FNDA:0,(anonymous_4)
FNDA:0,(anonymous_5)
FNDA:0,(anonymous_6)
FNDA:0,inspectReplayFolder
FNDA:0,scanForReplays
FNDA:8,checkMetaDatabase
FNDA:0,(anonymous_10)
FNDA:8,checkProfileConfig
FNDA:16,(anonymous_12)
FNDA:16,validateOne
FNDA:8,checkBattleNetPulse
FNDA:8,pickPulseInternalId
FNDA:0,(anonymous_16)
FNDA:8,checkTwitch
FNDA:0,interpretTwitch
FNDA:8,checkObs
FNDA:8,checkDiskSpace
FNDA:8,checkRecentErrors
FNDA:0,(anonymous_22)
FNDA:8,checkMacroEngineVersion
FNDA:8,buildMacroProbeCode
FNDA:8,checkCommunityBuildsApi
FNDA:8,checkCloudOptInQueue
DA:28,7
DA:29,7
DA:30,7
DA:31,7
DA:37,7
DA:43,7
DA:44,7
DA:45,7
DA:46,7
DA:47,7
DA:48,7
DA:49,7
DA:51,7
DA:52,7
DA:53,7
DA:55,7
DA:56,7
DA:57,7
DA:58,7
DA:59,7
DA:60,7
DA:61,7
DA:62,7
DA:63,7
DA:64,7
DA:65,7
DA:82,8
DA:83,8
DA:84,8
DA:85,8
DA:86,8
DA:92,0
DA:105,0
DA:106,0
DA:107,0
DA:110,0
DA:111,0
DA:112,0
DA:113,0
DA:115,0
DA:127,7
DA:147,8
DA:148,8
DA:149,8
DA:150,8
DA:151,8
DA:157,0
DA:158,0
DA:159,0
DA:160,0
DA:182,8
DA:183,8
DA:184,8
DA:186,8
DA:187,8
DA:191,0
DA:192,0
DA:193,0
DA:194,0
DA:195,0
DA:196,0
DA:197,0
DA:198,0
DA:213,0
DA:215,0
DA:216,0
DA:217,0
DA:218,0
DA:219,0
DA:220,0
DA:221,0
DA:222,0
DA:223,0
DA:224,0
DA:227,0
DA:239,0
DA:240,0
DA:241,0
DA:242,0
DA:243,0
DA:244,0
DA:245,0
DA:246,0
DA:250,0
DA:264,8
DA:265,8
DA:266,8
DA:267,8
DA:268,8
DA:272,0
DA:273,0
DA:275,0
DA:277,0
DA:281,0
DA:282,0
DA:285,0
DA:286,0
DA:303,8
DA:304,8
DA:305,8
DA:306,8
DA:307,8
DA:308,8
DA:309,8
DA:310,8
DA:311,0
DA:314,16
DA:315,8
DA:334,16
DA:335,16
DA:336,16
DA:337,16
DA:338,16
DA:339,16
DA:342,0
DA:344,0
DA:345,0
DA:347,0
DA:349,0
DA:350,0
DA:352,0
DA:353,0
DA:354,0
DA:355,0
DA:373,8
DA:374,8
DA:375,8
DA:376,8
DA:377,0
DA:378,0
DA:379,0
DA:380,0
DA:385,0
DA:386,0
DA:387,0
DA:391,0
DA:405,8
DA:406,8
DA:407,8
DA:408,8
DA:409,8
DA:410,8
DA:411,8
DA:413,8
DA:414,8
DA:415,1
DA:419,7
DA:438,8
DA:439,8
DA:440,8
DA:441,8
DA:442,8
DA:445,0
DA:446,0
DA:450,0
DA:451,0
DA:452,0
DA:453,0
DA:457,0
DA:458,0
DA:461,0
DA:474,0
DA:475,0
DA:478,0
DA:479,0
DA:484,0
DA:485,0
DA:488,0
DA:489,0
DA:492,0
DA:493,0
DA:494,0
DA:497,0
DA:514,8
DA:515,8
DA:516,8
DA:517,8
DA:518,8
DA:521,0
DA:522,0
DA:523,0
DA:526,0
DA:527,0
DA:528,0
DA:533,0
DA:550,8
DA:551,8
DA:552,8
DA:553,8
DA:554,8
DA:555,8
DA:556,8
DA:557,8
DA:560,0
DA:564,8
DA:565,0
DA:569,8
DA:570,8
DA:588,8
DA:589,8
DA:590,8
DA:591,8
DA:592,8
DA:593,8
DA:594,8
DA:595,8
DA:596,8
DA:597,8
DA:601,0
DA:619,8
DA:620,8
DA:621,8
DA:622,8
DA:623,8
DA:624,8
DA:628,0
DA:629,0
DA:631,0
DA:632,0
DA:636,0
DA:637,0
DA:643,0
DA:655,8
DA:656,8
DA:670,8
DA:679,8
DA:686,7
LF:227
LH:120
BRDA:85,0,0,8
BRDA:85,0,1,0
BRDA:106,1,0,0
BRDA:106,1,1,0
BRDA:113,2,0,0
BRDA:113,2,1,0
BRDA:113,2,2,0
BRDA:115,3,0,0
BRDA:115,3,1,0
BRDA:119,4,0,0
BRDA:119,4,1,0
BRDA:150,5,0,8
BRDA:150,5,1,0
BRDA:158,6,0,0
BRDA:158,6,1,0
BRDA:159,7,0,0
BRDA:159,7,1,0
BRDA:161,8,0,0
BRDA:161,8,1,0
BRDA:162,9,0,0
BRDA:162,9,1,0
BRDA:165,10,0,0
BRDA:165,10,1,0
BRDA:184,11,0,8
BRDA:184,11,1,8
BRDA:184,11,2,0
BRDA:184,11,3,8
BRDA:186,12,0,8
BRDA:186,12,1,0
BRDA:193,13,0,0
BRDA:193,13,1,0
BRDA:195,14,0,0
BRDA:195,14,1,0
BRDA:196,15,0,0
BRDA:196,15,1,0
BRDA:197,16,0,0
BRDA:197,16,1,0
BRDA:201,17,0,0
BRDA:201,17,1,0
BRDA:217,18,0,0
BRDA:217,18,1,0
BRDA:223,19,0,0
BRDA:223,19,1,0
BRDA:242,20,0,0
BRDA:242,20,1,0
BRDA:246,21,0,0
BRDA:246,21,1,0
BRDA:267,22,0,8
BRDA:267,22,1,0
BRDA:272,23,0,0
BRDA:272,23,1,0
BRDA:279,24,0,0
BRDA:279,24,1,0
BRDA:281,25,0,0
BRDA:281,25,1,0
BRDA:281,26,0,0
BRDA:281,26,1,0
BRDA:283,27,0,0
BRDA:283,27,1,0
BRDA:283,28,0,0
BRDA:283,28,1,0
BRDA:285,29,0,0
BRDA:285,29,1,0
BRDA:310,30,0,0
BRDA:310,30,1,8
BRDA:316,31,0,0
BRDA:316,31,1,8
BRDA:317,32,0,0
BRDA:317,32,1,8
BRDA:336,33,0,0
BRDA:336,33,1,16
BRDA:337,34,0,16
BRDA:337,34,1,0
BRDA:344,35,0,0
BRDA:344,35,1,0
BRDA:349,36,0,0
BRDA:349,36,1,0
BRDA:353,37,0,0
BRDA:353,37,1,0
BRDA:354,38,0,0
BRDA:354,38,1,0
BRDA:355,39,0,0
BRDA:355,39,1,0
BRDA:376,40,0,8
BRDA:376,40,1,0
BRDA:379,41,0,0
BRDA:379,41,1,0
BRDA:379,42,0,0
BRDA:379,42,1,0
BRDA:381,43,0,0
BRDA:381,43,1,0
BRDA:383,44,0,0
BRDA:383,44,1,0
BRDA:385,45,0,0
BRDA:385,45,1,0
BRDA:385,46,0,0
BRDA:385,46,1,0
BRDA:386,47,0,0
BRDA:386,47,1,0
BRDA:407,48,0,8
BRDA:407,48,1,8
BRDA:407,48,2,8
BRDA:408,49,0,0
BRDA:408,49,1,8
BRDA:410,50,0,0
BRDA:410,50,1,8
BRDA:411,51,0,8
BRDA:411,51,1,8
BRDA:411,51,2,7
BRDA:413,52,0,0
BRDA:413,52,1,8
BRDA:413,53,0,8
BRDA:413,53,1,7
BRDA:414,54,0,1
BRDA:414,54,1,7
BRDA:440,55,0,8
BRDA:440,55,1,8
BRDA:440,55,2,8
BRDA:441,56,0,8
BRDA:441,56,1,0
BRDA:445,57,0,0
BRDA:445,57,1,0
BRDA:451,58,0,0
BRDA:451,58,1,0
BRDA:452,59,0,0
BRDA:452,59,1,0
BRDA:452,60,0,0
BRDA:452,60,1,0
BRDA:474,61,0,0
BRDA:474,61,1,0
BRDA:478,62,0,0
BRDA:478,62,1,0
BRDA:484,63,0,0
BRDA:484,63,1,0
BRDA:484,64,0,0
BRDA:484,64,1,0
BRDA:488,65,0,0
BRDA:488,65,1,0
BRDA:492,66,0,0
BRDA:492,66,1,0
BRDA:492,67,0,0
BRDA:492,67,1,0
BRDA:493,68,0,0
BRDA:493,68,1,0
BRDA:499,69,0,0
BRDA:499,69,1,0
BRDA:500,70,0,0
BRDA:500,70,1,0
BRDA:516,71,0,8
BRDA:516,71,1,8
BRDA:516,71,2,8
BRDA:517,72,0,8
BRDA:517,72,1,0
BRDA:521,73,0,0
BRDA:521,73,1,0
BRDA:522,74,0,0
BRDA:522,74,1,0
BRDA:522,75,0,0
BRDA:522,75,1,0
BRDA:527,76,0,0
BRDA:527,76,1,0
BRDA:536,77,0,0
BRDA:536,77,1,0
BRDA:554,78,0,8
BRDA:554,78,1,0
BRDA:562,79,0,0
BRDA:562,79,1,0
BRDA:564,80,0,0
BRDA:564,80,1,8
BRDA:569,81,0,0
BRDA:569,81,1,8
BRDA:596,82,0,8
BRDA:596,82,1,0
BRDA:623,83,0,8
BRDA:623,83,1,0
BRDA:629,84,0,0
BRDA:629,84,1,0
BRDA:629,84,2,0
BRDA:629,84,3,0
BRDA:631,85,0,0
BRDA:631,85,1,0
BRDA:636,86,0,0
BRDA:636,86,1,0
BRF:183
BRH:39
end_of_record
TN:
SF:routes/diagnostics_helpers.js
FN:57,buildResult
FN:75,readJsonOrNull
FN:88,statSizeOrNull
FN:99,statMtimeIsoOrNull
FN:113,tailLines
FN:122,(anonymous_5)
FN:123,(anonymous_6)
FN:140,redact
FN:165,runProcess
FN:167,(anonymous_9)
FN:187,runProcessAttach
FN:191,(anonymous_11)
FN:195,(anonymous_12)
FN:196,(anonymous_13)
FN:197,(anonymous_14)
FN:202,(anonymous_15)
FN:221,httpJson
FN:225,(anonymous_17)
FN:257,tcpReachable
FN:258,(anonymous_19)
FN:261,(anonymous_20)
FN:268,(anonymous_21)
FN:269,(anonymous_22)
FN:270,(anonymous_23)
FN:286,formatBytes
FNF:25
FNH:10
FNDA:105,buildResult
FNDA:18,readJsonOrNull
FNDA:0,statSizeOrNull
FNDA:0,statMtimeIsoOrNull
FNDA:16,tailLines
FNDA:0,(anonymous_5)
FNDA:0,(anonymous_6)
FNDA:6,redact
FNDA:24,runProcess
FNDA:24,(anonymous_9)
FNDA:24,runProcessAttach
FNDA:0,(anonymous_11)
FNDA:8,(anonymous_12)
FNDA:0,(anonymous_13)
FNDA:0,(anonymous_14)
FNDA:24,(anonymous_15)
FNDA:0,httpJson
FNDA:0,(anonymous_17)
FNDA:0,tcpReachable
FNDA:0,(anonymous_19)
FNDA:0,(anonymous_20)
FNDA:0,(anonymous_21)
FNDA:0,(anonymous_22)
FNDA:0,(anonymous_23)
FNDA:16,formatBytes
DA:16,7
DA:17,7
DA:18,7
DA:24,7
DA:25,7
DA:26,7
DA:27,7
DA:29,7
DA:30,7
DA:31,7
DA:32,7
DA:34,7
DA:39,7
DA:58,105
DA:59,105
DA:60,105
DA:61,105
DA:62,105
DA:76,18
DA:77,18
DA:78,18
DA:79,18
DA:89,0
DA:90,0
DA:100,0
DA:101,0
DA:114,16
DA:115,0
DA:116,0
DA:117,0
DA:118,0
DA:119,0
DA:120,0
DA:121,0
DA:122,0
DA:123,0
DA:125,0
DA:141,6
DA:142,6
DA:143,3
DA:144,3
DA:145,7
DA:147,3
DA:149,3
DA:166,24
DA:167,24
DA:169,24
DA:171,0
DA:173,0
DA:175,24
DA:188,24
DA:189,24
DA:190,24
DA:191,24
DA:192,0
DA:193,0
DA:195,24
DA:196,24
DA:197,24
DA:198,0
DA:199,0
DA:202,24
DA:203,24
DA:204,24
DA:222,0
DA:223,0
DA:224,0
DA:225,0
DA:226,0
DA:227,0
DA:232,0
DA:233,0
DA:234,0
DA:235,0
DA:236,0
DA:238,0
DA:239,0
DA:258,0
DA:259,0
DA:260,0
DA:261,0
DA:262,0
DA:263,0
DA:264,0
DA:265,0
DA:267,0
DA:268,0
DA:269,0
DA:270,0
DA:271,0
DA:272,0
DA:287,16
DA:288,16
DA:289,16
DA:290,16
DA:291,48
DA:292,16
DA:293,16
DA:296,7
LF:99
LH:52
BRDA:60,0,0,72
BRDA:60,0,1,33
BRDA:61,1,0,41
BRDA:61,1,1,64
BRDA:76,2,0,0
BRDA:76,2,1,18
BRDA:78,3,0,0
BRDA:78,3,1,18
BRDA:114,4,0,16
BRDA:114,4,1,0
BRDA:122,5,0,0
BRDA:122,5,1,0
BRDA:141,6,0,0
BRDA:141,6,1,6
BRDA:142,7,0,3
BRDA:142,7,1,3
BRDA:142,8,0,6
BRDA:142,8,1,6
BRDA:145,9,0,3
BRDA:145,9,1,4
BRDA:166,10,0,0
BRDA:166,10,1,24
BRDA:172,11,0,0
BRDA:172,11,1,0
BRDA:200,12,0,0
BRDA:200,12,1,0
BRDA:204,13,0,0
BRDA:204,13,1,24
BRDA:222,14,0,0
BRDA:222,14,1,0
BRDA:224,15,0,0
BRDA:224,15,1,0
BRDA:228,16,0,0
BRDA:228,16,1,0
BRDA:229,17,0,0
BRDA:229,17,1,0
BRDA:235,18,0,0
BRDA:235,18,1,0
BRDA:240,19,0,0
BRDA:240,19,1,0
BRDA:262,20,0,0
BRDA:262,20,1,0
BRDA:265,21,0,0
BRDA:265,21,1,0
BRDA:270,22,0,0
BRDA:270,22,1,0
BRDA:272,23,0,0
BRDA:272,23,1,0
BRDA:287,24,0,0
BRDA:287,24,1,16
BRDA:291,25,0,64
BRDA:291,25,1,48
BRDA:292,26,0,0
BRDA:292,26,1,16
BRDA:292,27,0,16
BRDA:292,27,1,16
BRF:56
BRH:22
end_of_record
TN:
SF:routes/onboarding.js
FN:158,isPlainObject
FN:162,badBody
FN:166,asNonEmptyString
FN:171,asPositiveInt
FN:195,expandGlob
FN:216,safeReaddir
FN:221,safeIsDir
FN:226,countReplays
FN:239,resolveBase
FN:244,scanReplayFolders
FN:262,(anonymous_10)
FN:266,handleScanReplayFolders
FN:267,(anonymous_12)
FN:295,runIdentityCli
FN:296,(anonymous_14)
FN:311,(anonymous_15)
FN:315,(anonymous_16)
FN:316,(anonymous_17)
FN:317,(anonymous_18)
FN:321,(anonymous_19)
FN:330,parseIdentityOutput
FN:340,handleScanIdentities
FN:341,(anonymous_22)
FN:370,normalizeFolderList
FN:393,validateTwitchToken
FN:403,(anonymous_25)
FN:409,stripOAuthPrefix
FN:414,handleTestTwitch
FN:415,(anonymous_28)
FN:449,obsHandshake
FN:450,(anonymous_30)
FN:459,(anonymous_31)
FN:466,(anonymous_32)
FN:469,(anonymous_33)
FN:470,(anonymous_34)
FN:471,(anonymous_35)
FN:477,handleObsMessage
FN:490,sendObsIdentify
FN:503,computeObsAuth
FN:510,handleTestObs
FN:511,(anonymous_40)
FN:545,searchPulseCharacters
FN:550,(anonymous_42)
FN:554,(anonymous_43)
FN:565,normalizePulseSearchHit
FN:588,pickHitCharacter
FN:601,handleSearchPulse
FN:602,(anonymous_47)
FN:620,lookupPulseCharacter
FN:628,(anonymous_49)
FN:643,stripDiscriminator
FN:648,extractPulseCharacter
FN:671,normalizePulseRegion
FN:682,pickPulseLeague
FN:696,handleTestPulse
FN:697,(anonymous_55)
FN:708,(anonymous_56)
FN:716,(anonymous_57)
FN:726,normalizePulseIdList
FN:743,handleStartBackfill
FN:744,(anonymous_60)
FN:753,(anonymous_61)
FN:772,fetchWithTimeout
FN:777,(anonymous_63)
FN:780,(anonymous_64)
FN:798,createOnboardingRouter
FN:812,validateOpts
FNF:67
FNH:48
FNDA:37,isPlainObject
FNDA:4,badBody
FNDA:27,asNonEmptyString
FNDA:7,asPositiveInt
FNDA:8,expandGlob
FNDA:0,safeReaddir
FNDA:18,safeIsDir
FNDA:0,countReplays
FNDA:10,resolveBase
FNDA:2,scanReplayFolders
FNDA:0,(anonymous_10)
FNDA:22,handleScanReplayFolders
FNDA:1,(anonymous_12)
FNDA:3,runIdentityCli
FNDA:3,(anonymous_14)
FNDA:0,(anonymous_15)
FNDA:2,(anonymous_16)
FNDA:0,(anonymous_17)
FNDA:0,(anonymous_18)
FNDA:2,(anonymous_19)
FNDA:6,parseIdentityOutput
FNDA:22,handleScanIdentities
FNDA:4,(anonymous_22)
FNDA:6,normalizeFolderList
FNDA:2,validateTwitchToken
FNDA:0,(anonymous_25)
FNDA:2,stripOAuthPrefix
FNDA:22,handleTestTwitch
FNDA:3,(anonymous_28)
FNDA:3,obsHandshake
FNDA:3,(anonymous_30)
FNDA:3,(anonymous_31)
FNDA:0,(anonymous_32)
FNDA:0,(anonymous_33)
FNDA:3,(anonymous_34)
FNDA:5,(anonymous_35)
FNDA:5,handleObsMessage
FNDA:3,sendObsIdentify
FNDA:3,computeObsAuth
FNDA:22,handleTestObs
FNDA:4,(anonymous_40)
FNDA:0,searchPulseCharacters
FNDA:0,(anonymous_42)
FNDA:0,(anonymous_43)
FNDA:0,normalizePulseSearchHit
FNDA:0,pickHitCharacter
FNDA:22,handleSearchPulse
FNDA:0,(anonymous_47)
FNDA:4,lookupPulseCharacter
FNDA:0,(anonymous_49)
FNDA:3,stripDiscriminator
FNDA:11,extractPulseCharacter
FNDA:3,normalizePulseRegion
FNDA:0,pickPulseLeague
FNDA:22,handleTestPulse
FNDA:4,(anonymous_55)
FNDA:4,(anonymous_56)
FNDA:1,(anonymous_57)
FNDA:4,normalizePulseIdList
FNDA:22,handleStartBackfill
FNDA:1,(anonymous_60)
FNDA:0,(anonymous_61)
FNDA:7,fetchWithTimeout
FNDA:0,(anonymous_63)
FNDA:7,(anonymous_64)
FNDA:22,createOnboardingRouter
FNDA:22,validateOpts
DA:80,7
DA:81,7
DA:82,7
DA:83,7
DA:84,7
DA:85,7
DA:86,7
DA:92,7
DA:93,7
DA:94,7
DA:95,7
DA:99,7
DA:100,7
DA:101,7
DA:105,7
DA:106,7
DA:107,7
DA:108,7
DA:109,7
DA:113,7
DA:115,7
DA:116,7
DA:118,7
DA:122,7
DA:159,37
DA:163,4
DA:167,27
DA:172,7
DA:173,7
DA:174,5
DA:196,8
DA:197,8
DA:198,8
DA:199,8
DA:200,8
DA:201,0
DA:202,0
DA:203,0
DA:206,8
DA:207,8
DA:210,8
DA:211,8
DA:213,0
DA:217,0
DA:218,0
DA:222,18
DA:223,10
DA:227,0
DA:228,0
DA:229,0
DA:230,0
DA:231,0
DA:233,0
DA:235,0
DA:240,10
DA:241,2
DA:245,2
DA:246,2
DA:247,2
DA:248,10
DA:249,10
DA:250,8
DA:251,0
DA:252,0
DA:253,0
DA:254,0
DA:255,0
DA:262,2
DA:263,2
DA:267,22
DA:268,1
DA:269,1
DA:270,1
DA:271,1
DA:273,0
DA:275,0
DA:296,3
DA:297,3
DA:298,3
DA:299,1
DA:301,2
DA:302,2
DA:303,3
DA:305,2
DA:309,2
DA:310,2
DA:311,2
DA:312,0
DA:313,0
DA:315,2
DA:316,2
DA:317,2
DA:318,0
DA:319,0
DA:321,2
DA:322,2
DA:323,2
DA:324,2
DA:325,0
DA:331,6
DA:332,6
DA:333,4
DA:334,4
DA:336,1
DA:341,22
DA:342,4
DA:343,4
DA:344,4
DA:345,3
DA:347,3
DA:348,3
DA:349,2
DA:350,2
DA:353,2
DA:354,2
DA:356,1
DA:357,1
DA:371,6
DA:372,6
DA:373,6
DA:374,6
DA:375,6
DA:376,6
DA:378,6
DA:379,6
DA:380,6
DA:394,2
DA:397,2
DA:398,2
DA:400,2
DA:401,1
DA:403,1
DA:404,1
DA:405,1
DA:406,1
DA:410,2
DA:411,2
DA:415,22
DA:416,3
DA:417,3
DA:418,3
DA:419,2
DA:420,2
DA:421,2
DA:422,2
DA:423,2
DA:424,2
DA:426,0
DA:427,0
DA:450,3
DA:451,3
DA:452,3
DA:454,3
DA:455,3
DA:457,0
DA:459,3
DA:460,3
DA:461,3
DA:462,3
DA:463,3
DA:465,3
DA:466,0
DA:469,3
DA:470,3
DA:471,3
DA:472,5
DA:479,5
DA:480,0
DA:481,5
DA:482,3
DA:483,3
DA:485,2
DA:486,2
DA:491,3
DA:492,3
DA:493,3
DA:494,2
DA:495,1
DA:496,1
DA:498,1
DA:500,2
DA:504,3
DA:506,3
DA:511,22
DA:512,4
DA:513,4
DA:514,4
DA:515,4
DA:516,3
DA:518,3
DA:519,3
DA:520,3
DA:521,3
DA:529,7
DA:546,0
DA:547,0
DA:548,0
DA:549,0
DA:550,0
DA:551,0
DA:552,0
DA:554,0
DA:556,0
DA:559,7
DA:566,0
DA:567,0
DA:568,0
DA:569,0
DA:570,0
DA:574,0
DA:578,0
DA:589,0
DA:590,0
DA:591,0
DA:592,0
DA:594,0
DA:595,0
DA:598,0
DA:602,22
DA:603,0
DA:604,0
DA:605,0
DA:606,0
DA:607,0
DA:608,0
DA:609,0
DA:611,0
DA:613,0
DA:614,0
DA:621,4
DA:625,4
DA:626,4
DA:627,4
DA:628,4
DA:629,4
DA:630,0
DA:632,4
DA:633,4
DA:634,3
DA:644,3
DA:645,3
DA:649,11
DA:651,10
DA:652,4
DA:653,4
DA:655,3
DA:656,1
DA:657,1
DA:659,2
DA:660,1
DA:661,1
DA:662,1
DA:663,1
DA:672,3
DA:673,3
DA:674,3
DA:675,3
DA:676,3
DA:677,0
DA:679,0
DA:683,0
DA:684,0
DA:685,0
DA:686,0
DA:687,0
DA:688,0
DA:690,0
DA:691,0
DA:692,0
DA:693,0
DA:697,22
DA:698,4
DA:699,4
DA:700,4
DA:701,3
DA:702,3
DA:703,3
DA:705,4
DA:706,4
DA:708,4
DA:709,3
DA:710,3
DA:712,3
DA:716,1
DA:719,0
DA:720,0
DA:727,4
DA:728,4
DA:729,4
DA:730,4
DA:731,2
DA:732,2
DA:734,4
DA:735,4
DA:736,4
DA:744,22
DA:745,1
DA:746,1
DA:747,1
DA:748,1
DA:753,1
DA:754,1
DA:755,1
DA:756,1
DA:757,1
DA:761,0
DA:762,0
DA:773,7
DA:775,7
DA:776,7
DA:777,7
DA:778,0
DA:780,7
DA:799,22
DA:800,22
DA:801,22
DA:802,22
DA:803,22
DA:804,22
DA:805,22
DA:806,22
DA:807,22
DA:809,22
DA:813,22
DA:814,0
DA:816,22
DA:818,22
DA:819,110
DA:821,22
DA:824,7
LF:330
LH:248
BRDA:159,0,0,37
BRDA:159,0,1,37
BRDA:159,0,2,37
BRDA:167,1,0,18
BRDA:167,1,1,9
BRDA:167,2,0,27
BRDA:167,2,1,19
BRDA:173,3,0,2
BRDA:173,3,1,5
BRDA:173,4,0,7
BRDA:173,4,1,5
BRDA:200,5,0,0
BRDA:200,5,1,8
BRDA:203,6,0,0
BRDA:203,6,1,0
BRDA:207,7,0,0
BRDA:207,7,1,8
BRDA:211,8,0,8
BRDA:211,8,1,0
BRDA:231,9,0,0
BRDA:231,9,1,0
BRDA:240,10,0,8
BRDA:240,10,1,2
BRDA:249,11,0,2
BRDA:249,11,1,8
BRDA:251,12,0,0
BRDA:251,12,1,0
BRDA:254,13,0,0
BRDA:254,13,1,0
BRDA:274,14,0,0
BRDA:274,14,1,0
BRDA:298,15,0,1
BRDA:298,15,1,2
BRDA:324,16,0,2
BRDA:324,16,1,0
BRDA:325,17,0,0
BRDA:325,17,1,0
BRDA:331,18,0,6
BRDA:331,18,1,1
BRDA:332,19,0,2
BRDA:332,19,1,4
BRDA:342,20,0,0
BRDA:342,20,1,4
BRDA:344,21,0,1
BRDA:344,21,1,3
BRDA:349,22,0,2
BRDA:349,22,1,2
BRDA:350,23,0,2
BRDA:350,23,1,0
BRDA:351,24,0,2
BRDA:351,24,1,0
BRDA:352,25,0,0
BRDA:352,25,1,0
BRDA:353,26,0,2
BRDA:353,26,1,0
BRDA:373,27,0,2
BRDA:373,27,1,4
BRDA:376,28,0,4
BRDA:376,28,1,2
BRDA:376,29,0,6
BRDA:376,29,1,4
BRDA:379,30,0,2
BRDA:379,30,1,4
BRDA:379,31,0,6
BRDA:379,31,1,3
BRDA:397,32,0,1
BRDA:397,32,1,1
BRDA:400,33,0,1
BRDA:400,33,1,1
BRDA:404,34,0,1
BRDA:404,34,1,0
BRDA:404,35,0,1
BRDA:404,35,1,1
BRDA:405,36,0,0
BRDA:405,36,1,1
BRDA:410,37,0,2
BRDA:410,37,1,0
BRDA:411,38,0,2
BRDA:411,38,1,0
BRDA:416,39,0,0
BRDA:416,39,1,3
BRDA:418,40,0,1
BRDA:418,40,1,2
BRDA:422,41,0,1
BRDA:422,41,1,1
BRDA:423,42,0,1
BRDA:423,42,1,1
BRDA:460,43,0,0
BRDA:460,43,1,3
BRDA:481,44,0,3
BRDA:481,44,1,2
BRDA:482,45,0,3
BRDA:482,45,1,0
BRDA:485,46,0,2
BRDA:485,46,1,0
BRDA:486,47,0,2
BRDA:486,47,1,2
BRDA:486,47,2,0
BRDA:493,48,0,2
BRDA:493,48,1,1
BRDA:493,49,0,3
BRDA:493,49,1,2
BRDA:493,49,2,2
BRDA:494,50,0,1
BRDA:494,50,1,1
BRDA:512,51,0,0
BRDA:512,51,1,4
BRDA:513,52,0,4
BRDA:513,52,1,0
BRDA:515,53,0,1
BRDA:515,53,1,3
BRDA:516,54,0,1
BRDA:516,54,1,2
BRDA:519,55,0,2
BRDA:519,55,1,1
BRDA:520,56,0,2
BRDA:520,56,1,1
BRDA:549,57,0,0
BRDA:549,57,1,0
BRDA:551,58,0,0
BRDA:551,58,1,0
BRDA:566,59,0,0
BRDA:566,59,1,0
BRDA:566,60,0,0
BRDA:566,60,1,0
BRDA:568,61,0,0
BRDA:568,61,1,0
BRDA:568,61,2,0
BRDA:569,62,0,0
BRDA:569,62,1,0
BRDA:570,63,0,0
BRDA:570,63,1,0
BRDA:571,64,0,0
BRDA:571,64,1,0
BRDA:571,64,2,0
BRDA:571,64,3,0
BRDA:571,64,4,0
BRDA:574,65,0,0
BRDA:574,65,1,0
BRDA:575,66,0,0
BRDA:575,66,1,0
BRDA:575,66,2,0
BRDA:575,66,3,0
BRDA:575,66,4,0
BRDA:584,67,0,0
BRDA:584,67,1,0
BRDA:589,68,0,0
BRDA:589,68,1,0
BRDA:590,69,0,0
BRDA:590,69,1,0
BRDA:591,70,0,0
BRDA:591,70,1,0
BRDA:591,71,0,0
BRDA:591,71,1,0
BRDA:592,72,0,0
BRDA:592,72,1,0
BRDA:594,73,0,0
BRDA:594,73,1,0
BRDA:594,74,0,0
BRDA:594,74,1,0
BRDA:603,75,0,0
BRDA:603,75,1,0
BRDA:605,76,0,0
BRDA:605,76,1,0
BRDA:608,77,0,0
BRDA:608,77,1,0
BRDA:609,78,0,0
BRDA:609,78,1,0
BRDA:610,79,0,0
BRDA:610,79,1,0
BRDA:627,80,0,0
BRDA:627,80,1,4
BRDA:629,81,0,0
BRDA:629,81,1,4
BRDA:629,82,0,4
BRDA:629,82,1,0
BRDA:629,82,2,0
BRDA:633,83,0,1
BRDA:633,83,1,3
BRDA:644,84,0,0
BRDA:644,84,1,3
BRDA:645,85,0,3
BRDA:645,85,1,0
BRDA:649,86,0,1
BRDA:649,86,1,10
BRDA:651,87,0,6
BRDA:651,87,1,4
BRDA:651,88,0,4
BRDA:651,88,1,2
BRDA:652,89,0,0
BRDA:652,89,1,4
BRDA:653,90,0,1
BRDA:653,90,1,3
BRDA:653,91,0,4
BRDA:653,91,1,1
BRDA:655,92,0,1
BRDA:655,92,1,2
BRDA:655,93,0,3
BRDA:655,93,1,1
BRDA:657,94,0,1
BRDA:657,94,1,0
BRDA:657,95,0,1
BRDA:657,95,1,1
BRDA:657,95,2,1
BRDA:659,96,0,1
BRDA:659,96,1,1
BRDA:659,97,0,2
BRDA:659,97,1,1
BRDA:659,97,2,1
BRDA:661,98,0,0
BRDA:661,98,1,1
BRDA:661,99,0,1
BRDA:661,99,1,0
BRDA:662,100,0,0
BRDA:662,100,1,1
BRDA:662,101,0,1
BRDA:662,101,1,1
BRDA:662,101,2,1
BRDA:672,102,0,0
BRDA:672,102,1,3
BRDA:673,103,0,0
BRDA:673,103,1,3
BRDA:673,104,0,0
BRDA:673,104,1,0
BRDA:674,105,0,3
BRDA:674,105,1,0
BRDA:676,106,0,3
BRDA:676,106,1,0
BRDA:683,107,0,0
BRDA:683,107,1,0
BRDA:687,108,0,0
BRDA:687,108,1,0
BRDA:688,109,0,0
BRDA:688,109,1,0
BRDA:688,110,0,0
BRDA:688,110,1,0
BRDA:690,111,0,0
BRDA:690,111,1,0
BRDA:692,112,0,0
BRDA:692,112,1,0
BRDA:692,113,0,0
BRDA:692,113,1,0
BRDA:698,114,0,0
BRDA:698,114,1,4
BRDA:700,115,0,1
BRDA:700,115,1,3
BRDA:709,116,0,2
BRDA:709,116,1,1
BRDA:710,117,0,2
BRDA:710,117,1,1
BRDA:715,118,0,2
BRDA:715,118,1,1
BRDA:716,119,0,1
BRDA:716,119,1,0
BRDA:716,120,0,1
BRDA:716,120,1,0
BRDA:729,121,0,1
BRDA:729,121,1,3
BRDA:732,122,0,2
BRDA:732,122,1,0
BRDA:732,123,0,2
BRDA:732,123,1,2
BRDA:735,124,0,2
BRDA:735,124,1,2
BRDA:735,125,0,4
BRDA:735,125,1,2
BRDA:754,126,0,1
BRDA:754,126,1,1
BRDA:754,126,2,1
BRDA:755,127,0,1
BRDA:755,127,1,0
BRDA:756,128,0,1
BRDA:756,128,1,0
BRDA:757,129,0,1
BRDA:757,129,1,0
BRDA:759,130,0,0
BRDA:759,130,1,0
BRDA:773,131,0,7
BRDA:773,131,1,0
BRDA:775,132,0,7
BRDA:775,132,1,0
BRDA:776,133,0,7
BRDA:776,133,1,0
BRDA:778,134,0,0
BRDA:778,134,1,0
BRDA:813,135,0,0
BRDA:813,135,1,22
BRDA:819,136,0,0
BRDA:819,136,1,110
BRF:289
BRH:156
end_of_record
TN:
SF:routes/settings.js
FN:58,readJsonStripBom
FN:73,readJsonOrNull
FN:92,atomicWriteJson
FN:117,syncCharacterIdsFile
FN:122,(anonymous_4)
FN:123,(anonymous_5)
FN:154,deepMerge
FN:165,isPlainObject
FN:169,clone
FN:184,formatErrors
FN:186,(anonymous_10)
FN:202,buildAjv
FN:220,compileValidators
FN:236,buildSpecs
FN:255,handleGet
FN:256,(anonymous_15)
FN:265,handlePut
FN:266,(anonymous_17)
FN:284,handlePatch
FN:285,(anonymous_19)
FN:305,writeAndRespond
FN:319,handleValidate
FN:320,(anonymous_22)
FN:336,handleExists
FN:337,(anonymous_24)
FN:350,mountSpec
FN:369,createSettingsRouter
FNF:27
FNH:25
FNDA:109,readJsonStripBom
FNDA:12,readJsonOrNull
FNDA:8,atomicWriteJson
FNDA:5,syncCharacterIdsFile
FNDA:0,(anonymous_4)
FNDA:0,(anonymous_5)
FNDA:8,deepMerge
FNDA:66,isPlainObject
FNDA:6,clone
FNDA:26,formatErrors
FNDA:28,(anonymous_10)
FNDA:51,buildAjv
FNDA:51,compileValidators
FNDA:51,buildSpecs
FNDA:100,handleGet
FNDA:7,(anonymous_15)
FNDA:100,handlePut
FNDA:26,(anonymous_17)
FNDA:100,handlePatch
FNDA:5,(anonymous_19)
FNDA:8,writeAndRespond
FNDA:100,handleValidate
FNDA:7,(anonymous_22)
FNDA:100,handleExists
FNDA:4,(anonymous_24)
FNDA:100,mountSpec
FNDA:51,createSettingsRouter
DA:33,9
DA:34,9
DA:35,9
DA:36,9
DA:37,9
DA:39,9
DA:40,9
DA:41,9
DA:42,9
DA:43,9
DA:44,9
DA:45,9
DA:46,9
DA:47,9
DA:59,109
DA:60,109
DA:61,109
DA:74,12
DA:75,7
DA:93,8
DA:94,8
DA:95,8
DA:96,8
DA:97,8
DA:98,8
DA:100,8
DA:102,8
DA:118,5
DA:119,5
DA:120,5
DA:121,5
DA:122,0
DA:123,0
DA:125,5
DA:126,5
DA:127,5
DA:128,5
DA:129,5
DA:130,5
DA:131,5
DA:133,5
DA:135,5
DA:136,5
DA:138,0
DA:155,8
DA:156,8
DA:157,8
DA:158,9
DA:159,9
DA:160,9
DA:162,8
DA:166,66
DA:170,6
DA:171,0
DA:185,26
DA:186,28
DA:203,51
DA:204,51
DA:205,51
DA:221,51
DA:222,51
DA:223,51
DA:237,51
DA:256,100
DA:257,7
DA:258,7
DA:259,4
DA:261,3
DA:266,100
DA:267,26
DA:268,26
DA:269,1
DA:274,25
DA:275,20
DA:280,5
DA:285,100
DA:286,5
DA:287,5
DA:288,0
DA:293,5
DA:294,5
DA:295,5
DA:296,2
DA:301,3
DA:306,8
DA:307,8
DA:309,0
DA:310,0
DA:312,8
DA:313,8
DA:314,5
DA:316,8
DA:320,100
DA:321,7
DA:322,7
DA:323,0
DA:328,7
DA:329,7
DA:337,100
DA:338,4
DA:351,100
DA:352,100
DA:353,100
DA:354,100
DA:355,100
DA:370,51
DA:371,0
DA:373,51
DA:374,51
DA:375,51
DA:376,51
DA:377,50
DA:378,50
DA:379,50
DA:382,9
LF:115
LH:106
BRDA:60,0,0,0
BRDA:60,0,1,109
BRDA:74,1,0,5
BRDA:74,1,1,7
BRDA:119,2,0,5
BRDA:119,2,1,5
BRDA:119,2,2,0
BRDA:120,3,0,0
BRDA:120,3,1,5
BRDA:136,4,0,5
BRDA:136,4,1,5
BRDA:155,5,0,0
BRDA:155,5,1,8
BRDA:155,6,0,8
BRDA:155,6,1,8
BRDA:160,7,0,3
BRDA:160,7,1,6
BRDA:160,8,0,9
BRDA:160,8,1,3
BRDA:166,9,0,66
BRDA:166,9,1,61
BRDA:166,9,2,60
BRDA:170,10,0,6
BRDA:170,10,1,0
BRDA:170,11,0,6
BRDA:170,11,1,6
BRDA:185,12,0,0
BRDA:185,12,1,26
BRDA:187,13,0,28
BRDA:187,13,1,15
BRDA:187,13,2,0
BRDA:188,14,0,28
BRDA:188,14,1,0
BRDA:258,15,0,4
BRDA:258,15,1,3
BRDA:268,16,0,1
BRDA:268,16,1,25
BRDA:274,17,0,20
BRDA:274,17,1,5
BRDA:287,18,0,0
BRDA:287,18,1,5
BRDA:293,19,0,5
BRDA:293,19,1,1
BRDA:295,20,0,2
BRDA:295,20,1,3
BRDA:313,21,0,5
BRDA:313,21,1,3
BRDA:322,22,0,0
BRDA:322,22,1,7
BRDA:331,23,0,3
BRDA:331,23,1,4
BRDA:370,24,0,0
BRDA:370,24,1,51
BRDA:370,25,0,51
BRDA:370,25,1,51
BRDA:370,25,2,51
BRF:56
BRH:45
end_of_record
TN:
SF:services/community_sync.js
FN:68,hashForLog
FN:80,atomicWriteJson
FN:99,readJsonOrNull
FN:115,toRemote
FN:126,(anonymous_4)
FN:144,fromRemote
FN:157,(anonymous_6)
FN:181,epochToIso
FN:195,ensureClientId
FN:212,readCachedPepper
FN:229,writeCachedPepper
FN:246,fetchWithTimeout
FN:248,(anonymous_12)
FN:264,signBody
FN:274,nullLogger
FN:276,(anonymous_15)
FN:277,(anonymous_16)
FN:278,(anonymous_17)
FN:279,(anonymous_18)
FN:289,backoffFor
FN:300,readQueue
FN:314,readCache
FN:336,createCommunitySyncService
FN:369,buildServiceApi
FN:371,(anonymous_24)
FN:372,(anonymous_25)
FN:373,(anonymous_26)
FN:374,(anonymous_27)
FN:375,(anonymous_28)
FN:376,(anonymous_29)
FN:377,(anonymous_30)
FN:378,(anonymous_31)
FN:379,(anonymous_32)
FN:380,(anonymous_33)
FN:381,(anonymous_34)
FN:391,buildStatus
FN:411,startWorker
FN:413,(anonymous_37)
FN:414,(anonymous_38)
FN:420,(anonymous_39)
FN:430,stopWorker
FN:444,enqueue
FN:466,runSync
FN:491,ensurePepper
FN:511,drainQueue
FN:521,(anonymous_45)
FN:541,advanceBackoff
FN:553,tryEntry
FN:569,tryUpsert
FN:597,tryDelete
FN:612,tryVote
FN:630,markBuildSynced
FN:653,pullIncremental
FN:674,mergeDiffIntoCache
FN:677,(anonymous_54)
FN:699,signedFetch
FNF:56
FNH:38
FNDA:12,hashForLog
FNDA:9,atomicWriteJson
FNDA:58,readJsonOrNull
FNDA:2,toRemote
FNDA:2,(anonymous_4)
FNDA:3,fromRemote
FNDA:3,(anonymous_6)
FNDA:6,epochToIso
FNDA:34,ensureClientId
FNDA:34,readCachedPepper
FNDA:2,writeCachedPepper
FNDA:4,fetchWithTimeout
FNDA:0,(anonymous_12)
FNDA:10,signBody
FNDA:29,nullLogger
FNDA:9,(anonymous_15)
FNDA:1,(anonymous_16)
FNDA:0,(anonymous_17)
FNDA:0,(anonymous_18)
FNDA:5,backoffFor
FNDA:52,readQueue
FNDA:6,readCache
FNDA:35,createCommunitySyncService
FNDA:34,buildServiceApi
FNDA:1,(anonymous_24)
FNDA:3,(anonymous_25)
FNDA:2,(anonymous_26)
FNDA:0,(anonymous_27)
FNDA:0,(anonymous_28)
FNDA:2,(anonymous_29)
FNDA:4,(anonymous_30)
FNDA:1,(anonymous_31)
FNDA:3,(anonymous_32)
FNDA:2,(anonymous_33)
FNDA:6,(anonymous_34)
FNDA:2,buildStatus
FNDA:0,startWorker
FNDA:0,(anonymous_37)
FNDA:0,(anonymous_38)
FNDA:0,(anonymous_39)
FNDA:0,stopWorker
FNDA:8,enqueue
FNDA:2,runSync
FNDA:2,ensurePepper
FNDA:2,drainQueue
FNDA:0,(anonymous_45)
FNDA:0,advanceBackoff
FNDA:0,tryEntry
FNDA:0,tryUpsert
FNDA:0,tryDelete
FNDA:0,tryVote
FNDA:0,markBuildSynced
FNDA:2,pullIncremental
FNDA:1,mergeDiffIntoCache
FNDA:0,(anonymous_54)
FNDA:2,signedFetch
DA:39,8
DA:40,8
DA:41,8
DA:43,8
DA:44,8
DA:45,8
DA:46,8
DA:47,8
DA:48,8
DA:49,8
DA:50,8
DA:51,8
DA:52,8
DA:53,8
DA:54,8
DA:55,8
DA:69,12
DA:70,9
DA:81,9
DA:82,9
DA:83,9
DA:84,9
DA:85,9
DA:87,9
DA:89,9
DA:100,58
DA:101,12
DA:102,12
DA:103,12
DA:104,12
DA:116,2
DA:126,2
DA:145,3
DA:146,3
DA:147,3
DA:157,3
DA:182,6
DA:183,0
DA:185,6
DA:196,34
DA:197,34
DA:198,5
DA:199,5
DA:201,29
DA:202,29
DA:203,29
DA:213,34
DA:214,34
DA:215,34
DA:216,5
DA:217,5
DA:219,0
DA:230,2
DA:247,4
DA:248,4
DA:249,4
DA:250,4
DA:252,4
DA:265,10
DA:266,10
DA:275,29
DA:276,9
DA:277,1
DA:278,0
DA:279,0
DA:290,5
DA:291,5
DA:301,52
DA:302,52
DA:303,41
DA:305,11
DA:315,6
DA:316,6
DA:317,5
DA:319,1
DA:337,35
DA:338,35
DA:339,1
DA:341,34
DA:345,34
DA:346,34
DA:347,34
DA:348,34
DA:349,34
DA:350,34
DA:351,34
DA:359,34
DA:370,34
DA:371,1
DA:372,3
DA:373,2
DA:374,0
DA:375,0
DA:376,2
DA:377,4
DA:378,1
DA:379,3
DA:380,2
DA:381,6
DA:392,2
DA:393,2
DA:394,2
DA:412,0
DA:413,0
DA:414,0
DA:415,0
DA:418,0
DA:420,0
DA:421,0
DA:431,0
DA:432,0
DA:433,0
DA:445,8
DA:446,8
DA:453,8
DA:454,8
DA:455,8
DA:467,2
DA:468,2
DA:469,2
DA:470,2
DA:471,2
DA:472,2
DA:473,2
DA:474,2
DA:475,2
DA:477,0
DA:478,0
DA:479,0
DA:481,2
DA:492,2
DA:493,2
DA:494,2
DA:495,2
DA:496,2
DA:497,2
DA:498,0
DA:500,2
DA:501,2
DA:512,2
DA:513,2
DA:514,0
DA:515,0
DA:516,0
DA:517,0
DA:518,0
DA:519,0
DA:521,0
DA:522,0
DA:523,0
DA:525,0
DA:528,0
DA:529,0
DA:530,0
DA:531,0
DA:532,0
DA:542,0
DA:543,0
DA:554,0
DA:555,0
DA:556,0
DA:557,0
DA:558,0
DA:570,0
DA:571,0
DA:572,0
DA:573,0
DA:574,0
DA:575,0
DA:576,0
DA:579,0
DA:580,0
DA:581,0
DA:583,0
DA:587,0
DA:598,0
DA:599,0
DA:600,0
DA:601,0
DA:602,0
DA:613,0
DA:614,0
DA:615,0
DA:616,0
DA:617,0
DA:631,0
DA:632,0
DA:633,0
DA:634,0
DA:635,0
DA:636,0
DA:637,0
DA:638,0
DA:641,0
DA:642,0
DA:643,0
DA:654,2
DA:655,2
DA:656,2
DA:657,2
DA:658,2
DA:659,1
DA:660,1
DA:662,1
DA:663,1
DA:675,1
DA:676,1
DA:677,1
DA:678,1
DA:679,1
DA:680,1
DA:681,1
DA:682,1
DA:683,1
DA:684,1
DA:685,1
DA:686,1
DA:700,2
DA:701,2
DA:702,2
DA:703,0
DA:704,0
DA:706,2
DA:707,2
DA:715,8
LF:225
LH:148
BRDA:69,0,0,3
BRDA:69,0,1,9
BRDA:69,1,0,12
BRDA:69,1,1,10
BRDA:100,2,0,46
BRDA:100,2,1,12
BRDA:102,3,0,0
BRDA:102,3,1,12
BRDA:103,4,0,0
BRDA:103,4,1,12
BRDA:121,5,0,0
BRDA:121,5,1,2
BRDA:122,6,0,2
BRDA:122,6,1,0
BRDA:123,7,0,2
BRDA:123,7,1,0
BRDA:124,8,0,2
BRDA:124,8,1,0
BRDA:125,9,0,2
BRDA:125,9,1,0
BRDA:134,10,0,2
BRDA:134,10,1,0
BRDA:152,11,0,0
BRDA:152,11,1,3
BRDA:153,12,0,3
BRDA:153,12,1,1
BRDA:154,13,0,3
BRDA:154,13,1,1
BRDA:155,14,0,3
BRDA:155,14,1,1
BRDA:156,15,0,3
BRDA:156,15,1,1
BRDA:157,16,0,3
BRDA:157,16,1,0
BRDA:167,17,0,3
BRDA:167,17,1,0
BRDA:169,18,0,3
BRDA:169,18,1,0
BRDA:170,19,0,3
BRDA:170,19,1,2
BRDA:171,20,0,3
BRDA:171,20,1,2
BRDA:182,21,0,0
BRDA:182,21,1,6
BRDA:182,22,0,6
BRDA:182,22,1,6
BRDA:197,23,0,5
BRDA:197,23,1,29
BRDA:199,24,0,5
BRDA:199,24,1,0
BRDA:215,25,0,29
BRDA:215,25,1,5
BRDA:217,26,0,5
BRDA:217,26,1,0
BRDA:266,27,0,10
BRDA:266,27,1,2
BRDA:302,28,0,41
BRDA:302,28,1,11
BRDA:302,29,0,52
BRDA:302,29,1,11
BRDA:316,30,0,5
BRDA:316,30,1,1
BRDA:316,31,0,6
BRDA:316,31,1,1
BRDA:338,32,0,1
BRDA:338,32,1,34
BRDA:338,33,0,35
BRDA:338,33,1,35
BRDA:341,34,0,34
BRDA:341,34,1,5
BRDA:341,34,2,5
BRDA:345,35,0,34
BRDA:345,35,1,0
BRDA:346,36,0,34
BRDA:346,36,1,29
BRDA:347,37,0,34
BRDA:347,37,1,13
BRDA:397,38,0,2
BRDA:397,38,1,2
BRDA:412,39,0,0
BRDA:412,39,1,0
BRDA:418,40,0,0
BRDA:418,40,1,0
BRDA:431,41,0,0
BRDA:431,41,1,0
BRDA:448,42,0,8
BRDA:448,42,1,4
BRDA:448,42,2,4
BRDA:455,43,0,8
BRDA:455,43,1,4
BRDA:455,43,2,4
BRDA:467,44,0,0
BRDA:467,44,1,2
BRDA:477,45,0,0
BRDA:477,45,1,0
BRDA:477,46,0,0
BRDA:477,46,1,0
BRDA:492,47,0,0
BRDA:492,47,1,2
BRDA:495,48,0,0
BRDA:495,48,1,2
BRDA:497,49,0,0
BRDA:497,49,1,2
BRDA:497,50,0,2
BRDA:497,50,1,2
BRDA:513,51,0,2
BRDA:513,51,1,0
BRDA:517,52,0,0
BRDA:517,52,1,0
BRDA:517,53,0,0
BRDA:517,53,1,0
BRDA:522,54,0,0
BRDA:522,54,1,0
BRDA:542,55,0,0
BRDA:542,55,1,0
BRDA:554,56,0,0
BRDA:554,56,1,0
BRDA:555,57,0,0
BRDA:555,57,1,0
BRDA:556,58,0,0
BRDA:556,58,1,0
BRDA:572,59,0,0
BRDA:572,59,1,0
BRDA:573,60,0,0
BRDA:573,60,1,0
BRDA:575,61,0,0
BRDA:575,61,1,0
BRDA:576,62,0,0
BRDA:576,62,1,0
BRDA:576,63,0,0
BRDA:576,63,1,0
BRDA:581,64,0,0
BRDA:581,64,1,0
BRDA:600,65,0,0
BRDA:600,65,1,0
BRDA:600,66,0,0
BRDA:600,66,1,0
BRDA:615,67,0,0
BRDA:615,67,1,0
BRDA:633,68,0,0
BRDA:633,68,1,0
BRDA:633,69,0,0
BRDA:633,69,1,0
BRDA:635,70,0,0
BRDA:635,70,1,0
BRDA:637,71,0,0
BRDA:637,71,1,0
BRDA:637,72,0,0
BRDA:637,72,1,0
BRDA:637,73,0,0
BRDA:637,73,1,0
BRDA:638,74,0,0
BRDA:638,74,1,0
BRDA:655,75,0,2
BRDA:655,75,1,2
BRDA:658,76,0,1
BRDA:658,76,1,1
BRDA:675,77,0,1
BRDA:675,77,1,0
BRDA:676,78,0,1
BRDA:676,78,1,0
BRDA:681,79,0,1
BRDA:681,79,1,0
BRDA:702,80,0,0
BRDA:702,80,1,2
BRDA:702,81,0,2
BRDA:702,81,1,0
BRDA:706,82,0,2
BRDA:706,82,1,0
BRDA:710,83,0,2
BRDA:710,83,1,2
BRF:171
BRH:88
end_of_record
